#
# There is insufficient memory for the Java Runtime Environment to continue.
# Native memory allocation (malloc) failed to allocate 1557520 bytes. Error detail: Chunk::new
# Possible reasons:
#   The system is out of physical RAM or swap space
#   This process is running with CompressedOops enabled, and the Java Heap may be blocking the growth of the native heap
# Possible solutions:
#   Reduce memory load on the system
#   Increase physical memory or swap space
#   Check if swap backing store is full
#   Decrease Java heap size (-Xmx/-Xms)
#   Decrease number of Java threads
#   Decrease Java thread stack sizes (-Xss)
#   Set larger code cache with -XX:ReservedCodeCacheSize=
#   JVM is running with Zero Based Compressed Oops mode in which the Java heap is
#     placed in the first 32GB address space. The Java Heap base address is the
#     maximum limit for the native heap growth. Please use -XX:HeapBaseMinAddress
#     to set the Java Heap base and to place the Java Heap above 32GB virtual address.
# This output file may be truncated or incomplete.
#
#  Out of Memory Error (arena.cpp:162), pid=15952, tid=77004
#
# JRE version: Java(TM) SE Runtime Environment (24.0.1+9) (build 24.0.1+9-30)
# Java VM: Java HotSpot(TM) 64-Bit Server VM (24.0.1+9-30, mixed mode, sharing, tiered, compressed oops, compressed class ptrs, g1 gc, windows-amd64)
# No core dump will be written. Minidumps are not enabled by default on client versions of Windows
#

---------------  S U M M A R Y ------------

Command Line: -XX:+ShowCodeDetailsInExceptionMessages modaverse.web.WebApplication

Host: AMD Ryzen 5 5500U with Radeon Graphics         , 12 cores, 13G,  Windows 11 , 64 bit Build 26100 (10.0.26100.4202)
Time: Tue Jul  8 23:38:38 2025 Hora estándar, América Central elapsed time: 2771.398787 seconds (0d 0h 46m 11s)

---------------  T H R E A D  ---------------

Current thread (0x000001aedbb17690):  JavaThread "C2 CompilerThread0" daemon [_thread_in_native, id=77004, stack(0x0000007dfaf00000,0x0000007dfb000000) (1024K)]


Current CompileTask:
C2:2771398 7079   !   4       org.apache.catalina.connector.Request::setAttribute (174 bytes)

Stack: [0x0000007dfaf00000,0x0000007dfb000000]
Native frames: (J=compiled Java code, j=interpreted, Vv=VM code, C=native code)
V  [jvm.dll+0x730739]  (no source info available)
V  [jvm.dll+0x8d9b23]  (no source info available)
V  [jvm.dll+0x8dc00d]  (no source info available)
V  [jvm.dll+0x8dc683]  (no source info available)
V  [jvm.dll+0x2aa086]  (no source info available)
V  [jvm.dll+0xcedef]  (no source info available)
V  [jvm.dll+0xcf04f]  (no source info available)
V  [jvm.dll+0x154d83]  (no source info available)
V  [jvm.dll+0x735f5f]  (no source info available)
V  [jvm.dll+0x26fa1c]  (no source info available)
V  [jvm.dll+0x26ea3f]  (no source info available)
V  [jvm.dll+0x1e9d60]  (no source info available)
V  [jvm.dll+0x27e1fb]  (no source info available)
V  [jvm.dll+0x27c49a]  (no source info available)
V  [jvm.dll+0x42f456]  (no source info available)
V  [jvm.dll+0x87d76b]  (no source info available)
V  [jvm.dll+0x72ee55]  (no source info available)
C  [ucrtbase.dll+0x37b0]  (no source info available)
C  [KERNEL32.DLL+0x2e8d7]  (no source info available)
C  [ntdll.dll+0x3c34c]  (no source info available)

Lock stack of current Java thread (top to bottom):


---------------  P R O C E S S  ---------------

Threads class SMR info:
_java_thread_list=0x000001af23fa6010, length=28, elements={
0x000001aedbaf72d0, 0x000001aedbaf9c20, 0x000001aedbafe4e0, 0x000001aedbaffad0,
0x000001aedbafec30, 0x000001aedbb010c0, 0x000001aedbb17690, 0x000001aedbb19de0,
0x000001aedbb01810, 0x000001aedbb00220, 0x000001af22724a00, 0x000001af22725150,
0x000001af22725ff0, 0x000001af22726740, 0x000001af227275e0, 0x000001af22726e90,
0x000001af24a3f200, 0x000001af24a400a0, 0x000001af24a3dc10, 0x000001af24a3f950,
0x000001af24a3e360, 0x000001af24a3d4c0, 0x000001af24a3eab0, 0x000001af24a3cd70,
0x000001af24a42530, 0x000001af24a433d0, 0x000001af24a41690, 0x000001af24a43b20
}

Java Threads: ( => current thread )
  0x000001aedbaf72d0 JavaThread "Reference Handler"          daemon [_thread_blocked, id=93916, stack(0x0000007dfa900000,0x0000007dfaa00000) (1024K)]
  0x000001aedbaf9c20 JavaThread "Finalizer"                  daemon [_thread_blocked, id=101492, stack(0x0000007dfaa00000,0x0000007dfab00000) (1024K)]
  0x000001aedbafe4e0 JavaThread "Signal Dispatcher"          daemon [_thread_blocked, id=44640, stack(0x0000007dfab00000,0x0000007dfac00000) (1024K)]
  0x000001aedbaffad0 JavaThread "Attach Listener"            daemon [_thread_blocked, id=15176, stack(0x0000007dfac00000,0x0000007dfad00000) (1024K)]
  0x000001aedbafec30 JavaThread "Service Thread"             daemon [_thread_blocked, id=92904, stack(0x0000007dfad00000,0x0000007dfae00000) (1024K)]
  0x000001aedbb010c0 JavaThread "Monitor Deflation Thread"   daemon [_thread_blocked, id=79152, stack(0x0000007dfae00000,0x0000007dfaf00000) (1024K)]
=>0x000001aedbb17690 JavaThread "C2 CompilerThread0"         daemon [_thread_in_native, id=77004, stack(0x0000007dfaf00000,0x0000007dfb000000) (1024K)]
  0x000001aedbb19de0 JavaThread "C1 CompilerThread0"         daemon [_thread_blocked, id=68004, stack(0x0000007dfb000000,0x0000007dfb100000) (1024K)]
  0x000001aedbb01810 JavaThread "Notification Thread"        daemon [_thread_blocked, id=84392, stack(0x0000007dfb100000,0x0000007dfb200000) (1024K)]
  0x000001aedbb00220 JavaThread "Common-Cleaner"             daemon [_thread_blocked, id=73720, stack(0x0000007dfb200000,0x0000007dfb300000) (1024K)]
  0x000001af22724a00 JavaThread "Catalina-utility-1"                [_thread_blocked, id=26576, stack(0x0000007dfc200000,0x0000007dfc300000) (1024K)]
  0x000001af22725150 JavaThread "Catalina-utility-2"                [_thread_blocked, id=89216, stack(0x0000007dfc300000,0x0000007dfc400000) (1024K)]
  0x000001af22725ff0 JavaThread "container-0"                       [_thread_blocked, id=83528, stack(0x0000007dfc400000,0x0000007dfc500000) (1024K)]
  0x000001af22726740 JavaThread "File Watcher"               daemon [_thread_blocked, id=15328, stack(0x0000007dfc500000,0x0000007dfc600000) (1024K)]
  0x000001af227275e0 JavaThread "Live Reload Server"         daemon [_thread_in_native, id=76720, stack(0x0000007dfc700000,0x0000007dfc800000) (1024K)]
  0x000001af22726e90 JavaThread "http-nio-80-exec-1"         daemon [_thread_blocked, id=101056, stack(0x0000007dfc600000,0x0000007dfc700000) (1024K)]
  0x000001af24a3f200 JavaThread "http-nio-80-exec-2"         daemon [_thread_blocked, id=100852, stack(0x0000007dfc800000,0x0000007dfc900000) (1024K)]
  0x000001af24a400a0 JavaThread "http-nio-80-exec-3"         daemon [_thread_blocked, id=84764, stack(0x0000007dfc900000,0x0000007dfca00000) (1024K)]
  0x000001af24a3dc10 JavaThread "http-nio-80-exec-4"         daemon [_thread_blocked, id=97600, stack(0x0000007dfca00000,0x0000007dfcb00000) (1024K)]
  0x000001af24a3f950 JavaThread "http-nio-80-exec-5"         daemon [_thread_blocked, id=22896, stack(0x0000007dfcb00000,0x0000007dfcc00000) (1024K)]
  0x000001af24a3e360 JavaThread "http-nio-80-exec-6"         daemon [_thread_blocked, id=80272, stack(0x0000007dfcc00000,0x0000007dfcd00000) (1024K)]
  0x000001af24a3d4c0 JavaThread "http-nio-80-exec-7"         daemon [_thread_blocked, id=94796, stack(0x0000007dfcd00000,0x0000007dfce00000) (1024K)]
  0x000001af24a3eab0 JavaThread "http-nio-80-exec-8"         daemon [_thread_blocked, id=83036, stack(0x0000007dfce00000,0x0000007dfcf00000) (1024K)]
  0x000001af24a3cd70 JavaThread "http-nio-80-exec-9"         daemon [_thread_blocked, id=93972, stack(0x0000007dfcf00000,0x0000007dfd000000) (1024K)]
  0x000001af24a42530 JavaThread "http-nio-80-exec-10"        daemon [_thread_blocked, id=84136, stack(0x0000007dfd000000,0x0000007dfd100000) (1024K)]
  0x000001af24a433d0 JavaThread "http-nio-80-Poller"         daemon [_thread_in_native, id=88744, stack(0x0000007dfd100000,0x0000007dfd200000) (1024K)]
  0x000001af24a41690 JavaThread "http-nio-80-Acceptor"       daemon [_thread_in_native, id=84012, stack(0x0000007dfd200000,0x0000007dfd300000) (1024K)]
  0x000001af24a43b20 JavaThread "DestroyJavaVM"                     [_thread_blocked, id=98160, stack(0x0000007dfa100000,0x0000007dfa200000) (1024K)]
Total: 28

Other Threads:
  0x000001aedbae8ac0 VMThread "VM Thread"                           [id=73580, stack(0x0000007dfa800000,0x0000007dfa900000) (1024K)]
  0x000001aedbad9f80 WatcherThread "VM Periodic Task Thread"        [id=73412, stack(0x0000007dfa700000,0x0000007dfa800000) (1024K)]
  0x000001aebd411a60 WorkerThread "GC Thread#0"                     [id=102044, stack(0x0000007dfa200000,0x0000007dfa300000) (1024K)]
  0x000001af22a29170 WorkerThread "GC Thread#1"                     [id=77176, stack(0x0000007dfb600000,0x0000007dfb700000) (1024K)]
  0x000001af22c9d0c0 WorkerThread "GC Thread#2"                     [id=101944, stack(0x0000007dfb700000,0x0000007dfb800000) (1024K)]
  0x000001af22c9d470 WorkerThread "GC Thread#3"                     [id=46728, stack(0x0000007dfb800000,0x0000007dfb900000) (1024K)]
  0x000001af22c67970 WorkerThread "GC Thread#4"                     [id=90228, stack(0x0000007dfb900000,0x0000007dfba00000) (1024K)]
  0x000001af22f8d270 WorkerThread "GC Thread#5"                     [id=98400, stack(0x0000007dfba00000,0x0000007dfbb00000) (1024K)]
  0x000001af22f8da20 WorkerThread "GC Thread#6"                     [id=101076, stack(0x0000007dfbb00000,0x0000007dfbc00000) (1024K)]
  0x000001af22f8e1e0 WorkerThread "GC Thread#7"                     [id=72088, stack(0x0000007dfbc00000,0x0000007dfbd00000) (1024K)]
  0x000001af22a74c50 WorkerThread "GC Thread#8"                     [id=7496, stack(0x0000007dfb500000,0x0000007dfb600000) (1024K)]
  0x000001af22a75000 WorkerThread "GC Thread#9"                     [id=39184, stack(0x0000007dfbe00000,0x0000007dfbf00000) (1024K)]
  0x000001aebd424e90 ConcurrentGCThread "G1 Main Marker"            [id=88016, stack(0x0000007dfa300000,0x0000007dfa400000) (1024K)]
  0x000001aebd4261b0 WorkerThread "G1 Conc#0"                       [id=73388, stack(0x0000007dfa400000,0x0000007dfa500000) (1024K)]
  0x000001af22a753b0 WorkerThread "G1 Conc#1"                       [id=14892, stack(0x0000007dfbf00000,0x0000007dfc000000) (1024K)]
  0x000001af22a74140 WorkerThread "G1 Conc#2"                       [id=6824, stack(0x0000007dfc000000,0x0000007dfc100000) (1024K)]
  0x000001aebd46e770 ConcurrentGCThread "G1 Refine#0"               [id=69492, stack(0x0000007dfa500000,0x0000007dfa600000) (1024K)]
  0x000001aedb9a0460 ConcurrentGCThread "G1 Service"                [id=85044, stack(0x0000007dfa600000,0x0000007dfa700000) (1024K)]
Total: 18

Threads with active compile tasks:
C2 CompilerThread0  2771480 7079   !   4       org.apache.catalina.connector.Request::setAttribute (174 bytes)
Total: 1

VM state: not at safepoint (normal execution)

VM Mutex/Monitor currently owned by a thread: None

Heap address: 0x0000000722600000, size: 3546 MB, Compressed Oops mode: Zero based, Oop shift amount: 3

CDS archive(s) mapped at: [0x000001aedd000000-0x000001aeddd40000-0x000001aeddd40000), size 13893632, SharedBaseAddress: 0x000001aedd000000, ArchiveRelocationMode: 1.
Compressed class space mapped at: 0x000001aede000000-0x000001af1e000000, reserved size: 1073741824
UseCompressedClassPointers 1, UseCompactObjectHeaders 0
Narrow klass pointer bits 32, Max shift 3
Narrow klass base: 0x000001aedd000000, Narrow klass shift: 0
Encoding Range: [0x000001aedd000000 - 0x000001afdd000000), (4294967296 bytes)
Klass Range:    [0x000001aedd000000 - 0x000001af1e000000), (1090519040 bytes)
Klass ID Range:  [8 - 1090519033) (1090519025)

GC Precious Log:
 CardTable entry size: 512
 Card Set container configuration: InlinePtr #cards 4 size 8 Array Of Cards #cards 16 size 48 Howl #buckets 8 coarsen threshold 3686 Howl Bitmap #cards 512 size 80 coarsen threshold 460 Card regions per heap region 1 cards per card region 4096
 CPUs: 12 total, 12 available
 Memory: 14181M
 Large Page Support: Disabled
 NUMA Support: Disabled
 Compressed Oops: Enabled (Zero based)
 Heap Region Size: 2M
 Heap Min Capacity: 8M
 Heap Initial Capacity: 222M
 Heap Max Capacity: 3546M
 Pre-touch: Disabled
 Parallel Workers: 10
 Concurrent Workers: 3
 Concurrent Refinement Workers: 10
 Periodic GC: Disabled

Heap:
 garbage-first heap   total reserved 3631104K, committed 63488K, used 46653K [0x0000000722600000, 0x0000000800000000)
  region size 2048K, 13 young (26624K), 1 survivors (2048K)
 Metaspace       used 37001K, committed 37568K, reserved 1114112K
  class space    used 3795K, committed 4032K, reserved 1048576K

Heap Regions: E=young(eden), S=young(survivor), O=old, HS=humongous(starts), HC=humongous(continues), CS=collection set, F=free, TAMS=top-at-mark-start, PB=parsable bottom
|   0|0x0000000722600000, 0x00000007226c14e8, 0x0000000722800000| 37%| O|  |TAMS 0x0000000722600000| PB 0x0000000722600000| Untracked |  0
|   1|0x0000000722800000, 0x0000000722a00000, 0x0000000722a00000|100%| O|  |TAMS 0x0000000722800000| PB 0x0000000722800000| Untracked |  0
|   2|0x0000000722a00000, 0x0000000722c00000, 0x0000000722c00000|100%| O|  |TAMS 0x0000000722a00000| PB 0x0000000722a00000| Untracked |  0
|   3|0x0000000722c00000, 0x0000000722e00000, 0x0000000722e00000|100%| O|  |TAMS 0x0000000722c00000| PB 0x0000000722c00000| Untracked |  0
|   4|0x0000000722e00000, 0x0000000723000000, 0x0000000723000000|100%| O|  |TAMS 0x0000000722e00000| PB 0x0000000722e00000| Untracked |  0
|   5|0x0000000723000000, 0x0000000723200000, 0x0000000723200000|100%| O|  |TAMS 0x0000000723000000| PB 0x0000000723000000| Untracked |  0
|   6|0x0000000723200000, 0x0000000723200000, 0x0000000723400000|  0%| F|  |TAMS 0x0000000723200000| PB 0x0000000723200000| Untracked |  0
|   7|0x0000000723400000, 0x0000000723400000, 0x0000000723600000|  0%| F|  |TAMS 0x0000000723400000| PB 0x0000000723400000| Untracked |  0
|   8|0x0000000723600000, 0x0000000723600000, 0x0000000723800000|  0%| F|  |TAMS 0x0000000723600000| PB 0x0000000723600000| Untracked |  0
|   9|0x0000000723800000, 0x0000000723a00000, 0x0000000723a00000|100%| O|  |TAMS 0x0000000723800000| PB 0x0000000723800000| Untracked |  0
|  10|0x0000000723a00000, 0x0000000723ace1f8, 0x0000000723c00000| 40%| S|CS|TAMS 0x0000000723a00000| PB 0x0000000723a00000| Complete |  0
|  11|0x0000000723c00000, 0x0000000723e00000, 0x0000000723e00000|100%| O|  |TAMS 0x0000000723c00000| PB 0x0000000723c00000| Untracked |  0
|  12|0x0000000723e00000, 0x0000000724000000, 0x0000000724000000|100%| O|  |TAMS 0x0000000723e00000| PB 0x0000000723e00000| Untracked |  0
|  13|0x0000000724000000, 0x0000000724200000, 0x0000000724200000|100%| O|  |TAMS 0x0000000724000000| PB 0x0000000724000000| Untracked |  0
|  14|0x0000000724200000, 0x0000000724200000, 0x0000000724400000|  0%| F|  |TAMS 0x0000000724200000| PB 0x0000000724200000| Untracked |  0
|  15|0x0000000724400000, 0x0000000724400000, 0x0000000724600000|  0%| F|  |TAMS 0x0000000724400000| PB 0x0000000724400000| Untracked |  0
|  16|0x0000000724600000, 0x00000007247569c8, 0x0000000724800000| 66%| E|  |TAMS 0x0000000724600000| PB 0x0000000724600000| Complete |  0
|  17|0x0000000724800000, 0x0000000724a00000, 0x0000000724a00000|100%| E|CS|TAMS 0x0000000724800000| PB 0x0000000724800000| Complete |  0
|  18|0x0000000724a00000, 0x0000000724c00000, 0x0000000724c00000|100%| E|CS|TAMS 0x0000000724a00000| PB 0x0000000724a00000| Complete |  0
|  19|0x0000000724c00000, 0x0000000724e00000, 0x0000000724e00000|100%| E|  |TAMS 0x0000000724c00000| PB 0x0000000724c00000| Complete |  0
|  20|0x0000000724e00000, 0x0000000725000000, 0x0000000725000000|100%| E|CS|TAMS 0x0000000724e00000| PB 0x0000000724e00000| Complete |  0
|  80|0x000000072c600000, 0x000000072c800000, 0x000000072c800000|100%| E|CS|TAMS 0x000000072c600000| PB 0x000000072c600000| Complete |  0
|  81|0x000000072c800000, 0x000000072ca00000, 0x000000072ca00000|100%| E|CS|TAMS 0x000000072c800000| PB 0x000000072c800000| Complete |  0
|  82|0x000000072ca00000, 0x000000072cc00000, 0x000000072cc00000|100%| E|CS|TAMS 0x000000072ca00000| PB 0x000000072ca00000| Complete |  0
|  83|0x000000072cc00000, 0x000000072ce00000, 0x000000072ce00000|100%| E|CS|TAMS 0x000000072cc00000| PB 0x000000072cc00000| Complete |  0
|  87|0x000000072d400000, 0x000000072d600000, 0x000000072d600000|100%| E|CS|TAMS 0x000000072d400000| PB 0x000000072d400000| Complete |  0
| 110|0x0000000730200000, 0x0000000730400000, 0x0000000730400000|100%| E|CS|TAMS 0x0000000730200000| PB 0x0000000730200000| Complete |  0
|1769|0x00000007ff800000, 0x00000007ffa00000, 0x00000007ffa00000|100%| O|  |TAMS 0x00000007ff800000| PB 0x00000007ff800000| Untracked |  0
|1770|0x00000007ffa00000, 0x00000007ffc00000, 0x00000007ffc00000|100%| O|  |TAMS 0x00000007ffa00000| PB 0x00000007ffa00000| Untracked |  0
|1771|0x00000007ffc00000, 0x00000007ffe00000, 0x00000007ffe00000|100%| O|  |TAMS 0x00000007ffc00000| PB 0x00000007ffc00000| Untracked |  0
|1772|0x00000007ffe00000, 0x0000000800000000, 0x0000000800000000|100%| E|CS|TAMS 0x00000007ffe00000| PB 0x00000007ffe00000| Complete |  0

Card table byte_map: [0x000001aed5890000,0x000001aed5f80000] _byte_map_base: 0x000001aed1f7d000

Marking Bits: (CMBitMap*) 0x000001aebd412170
 Bits: [0x000001aed5f80000, 0x000001aed96e8000)

Polling page: 0x000001aebb1e0000

Metaspace:

Usage:
  Non-class:     32.43 MB used.
      Class:      3.71 MB used.
       Both:     36.13 MB used.

Virtual space:
  Non-class space:       64.00 MB reserved,      32.75 MB ( 51%) committed,  1 nodes.
      Class space:        1.00 GB reserved,       3.94 MB ( <1%) committed,  1 nodes.
             Both:        1.06 GB reserved,      36.69 MB (  3%) committed. 

Chunk freelists:
   Non-Class:  14.67 MB
       Class:  11.97 MB
        Both:  26.64 MB

MaxMetaspaceSize: unlimited
CompressedClassSpaceSize: 1.00 GB
Initial GC threshold: 21.00 MB
Current GC threshold: 50.94 MB
CDS: on
 - commit_granule_bytes: 65536.
 - commit_granule_words: 8192.
 - virtual_space_node_default_size: 8388608.
 - enlarge_chunks_in_place: 1.
UseCompressedClassPointers 1, UseCompactObjectHeaders 0
Narrow klass pointer bits 32, Max shift 3
Narrow klass base: 0x000001aedd000000, Narrow klass shift: 0
Encoding Range: [0x000001aedd000000 - 0x000001afdd000000), (4294967296 bytes)
Klass Range:    [0x000001aedd000000 - 0x000001af1e000000), (1090519040 bytes)
Klass ID Range:  [8 - 1090519033) (1090519025)


Internal statistics:

num_allocs_failed_limit: 3.
num_arena_births: 594.
num_arena_deaths: 0.
num_vsnodes_births: 2.
num_vsnodes_deaths: 0.
num_space_committed: 587.
num_space_uncommitted: 0.
num_chunks_returned_to_freelist: 3.
num_chunks_taken_from_freelist: 1943.
num_chunk_merges: 3.
num_chunk_splits: 1321.
num_chunks_enlarged: 993.
num_inconsistent_stats: 0.

CodeHeap 'non-profiled nmethods': size=120064Kb used=3053Kb max_used=3053Kb free=117010Kb
 bounds [0x000001aecd710000, 0x000001aecda10000, 0x000001aed4c50000]
CodeHeap 'profiled nmethods': size=120000Kb used=12205Kb max_used=12205Kb free=107794Kb
 bounds [0x000001aec5c50000, 0x000001aec6840000, 0x000001aecd180000]
CodeHeap 'non-nmethods': size=5696Kb used=1456Kb max_used=1600Kb free=4240Kb
 bounds [0x000001aecd180000, 0x000001aecd3f0000, 0x000001aecd710000]
CodeCache: size=245760Kb, used=16714Kb, max_used=16858Kb, free=229044Kb
 total_blobs=7247, nmethods=6628, adapters=523, full_count=0
Compilation: enabled, stopped_count=0, restarted_count=0

Compilation events (20 events):
Event: 2769.325 Thread 0x000001aedbb17690 nmethod 7063 0x000001aecda09b08 code [0x000001aecda09c80, 0x000001aecda0a5a8]
Event: 2769.325 Thread 0x000001af24a4f350 nmethod 7068 0x000001aecda0a608 code [0x000001aecda0a700, 0x000001aecda0a780]
Event: 2769.325 Thread 0x000001aedbb17690 7069       4       sun.util.locale.InternalLocaleBuilder::clearExtensions (50 bytes)
Event: 2769.325 Thread 0x000001af24a4f350 7072       4       java.lang.String::getBytesNoRepl1 (89 bytes)
Event: 2769.326 Thread 0x000001aedbb17690 nmethod 7069 0x000001aecda0a908 code [0x000001aecda0aa00, 0x000001aecda0aad8]
Event: 2769.326 Thread 0x000001aedbb17690 7073       4       java.util.Arrays::mismatch (69 bytes)
Event: 2769.328 Thread 0x000001aedbb19de0 nmethod 7071 0x000001aec6831408 code [0x000001aec6831640, 0x000001aec68327a8]
Event: 2769.328 Thread 0x000001af24a4f350 nmethod 7072 0x000001aecda0ac08 code [0x000001aecda0ad20, 0x000001aecda0af20]
Event: 2769.331 Thread 0x000001aedbb17690 nmethod 7073 0x000001aecda0af88 code [0x000001aecda0b0c0, 0x000001aecda0b500]
Event: 2769.335 Thread 0x000001aedbb19de0 7077       3       org.apache.catalina.util.SessionConfig::getSessionUriParamName (7 bytes)
Event: 2769.335 Thread 0x000001aedbb17690 7079   !   4       org.apache.catalina.connector.Request::setAttribute (174 bytes)
Event: 2769.335 Thread 0x000001aedbb19de0 nmethod 7077 0x000001aec6832888 code [0x000001aec68329a0, 0x000001aec6832ac0]
Event: 2769.335 Thread 0x000001aedbb19de0 7078   !   3       org.apache.catalina.core.StandardHostValve::invoke (405 bytes)
Event: 2769.341 Thread 0x000001aedbb19de0 nmethod 7078 0x000001aec6832b88 code [0x000001aec6833240, 0x000001aec68382f0]
Event: 2769.341 Thread 0x000001aedbb19de0 7080   !   3       org.springframework.web.servlet.support.AbstractFlashMapManager::retrieveAndUpdate (135 bytes)
Event: 2769.343 Thread 0x000001aedbb19de0 nmethod 7080 0x000001aec6838588 code [0x000001aec6838880, 0x000001aec683a058]
Event: 2769.343 Thread 0x000001aedbb19de0 7081       3       org.springframework.util.StringUtils::startsWithIgnoreCase (40 bytes)
Event: 2769.343 Thread 0x000001aedbb19de0 nmethod 7081 0x000001aec683a108 code [0x000001aec683a280, 0x000001aec683aae8]
Event: 2770.356 Thread 0x000001aedbb19de0 7082       3       org.apache.tomcat.util.net.NioChannel::write (22 bytes)
Event: 2770.356 Thread 0x000001aedbb19de0 nmethod 7082 0x000001aec683ab88 code [0x000001aec683ad20, 0x000001aec683b430]

GC Heap History (20 events):
Event: 3.611 GC heap before
{Heap before GC invocations=1 (full 0):
 garbage-first heap   total reserved 3631104K, committed 229376K, used 52580K [0x0000000722600000, 0x0000000800000000)
  region size 2048K, 26 young (53248K), 3 survivors (6144K)
 Metaspace       used 21245K, committed 21504K, reserved 1114112K
  class space    used 2175K, committed 2304K, reserved 1048576K
}
Event: 3.619 GC heap after
{Heap after GC invocations=2 (full 0):
 garbage-first heap   total reserved 3631104K, committed 229376K, used 11611K [0x0000000722600000, 0x0000000800000000)
  region size 2048K, 5 young (10240K), 5 survivors (10240K)
 Metaspace       used 21245K, committed 21504K, reserved 1114112K
  class space    used 2175K, committed 2304K, reserved 1048576K
}
Event: 4.674 GC heap before
{Heap before GC invocations=3 (full 0):
 garbage-first heap   total reserved 3631104K, committed 49152K, used 44379K [0x0000000722600000, 0x0000000800000000)
  region size 2048K, 22 young (45056K), 5 survivors (10240K)
 Metaspace       used 26933K, committed 27392K, reserved 1114112K
  class space    used 2837K, committed 3008K, reserved 1048576K
}
Event: 4.683 GC heap after
{Heap after GC invocations=4 (full 0):
 garbage-first heap   total reserved 3631104K, committed 63488K, used 14893K [0x0000000722600000, 0x0000000800000000)
  region size 2048K, 4 young (8192K), 4 survivors (8192K)
 Metaspace       used 26933K, committed 27392K, reserved 1114112K
  class space    used 2837K, committed 3008K, reserved 1048576K
}
Event: 5.087 GC heap before
{Heap before GC invocations=4 (full 0):
 garbage-first heap   total reserved 3631104K, committed 63488K, used 39469K [0x0000000722600000, 0x0000000800000000)
  region size 2048K, 17 young (34816K), 4 survivors (8192K)
 Metaspace       used 28849K, committed 29312K, reserved 1114112K
  class space    used 3040K, committed 3264K, reserved 1048576K
}
Event: 5.096 GC heap after
{Heap after GC invocations=5 (full 0):
 garbage-first heap   total reserved 3631104K, committed 63488K, used 19683K [0x0000000722600000, 0x0000000800000000)
  region size 2048K, 3 young (6144K), 3 survivors (6144K)
 Metaspace       used 28849K, committed 29312K, reserved 1114112K
  class space    used 3040K, committed 3264K, reserved 1048576K
}
Event: 5.299 GC heap before
{Heap before GC invocations=5 (full 0):
 garbage-first heap   total reserved 3631104K, committed 63488K, used 44259K [0x0000000722600000, 0x0000000800000000)
  region size 2048K, 15 young (30720K), 3 survivors (6144K)
 Metaspace       used 29066K, committed 29504K, reserved 1114112K
  class space    used 3055K, committed 3264K, reserved 1048576K
}
Event: 5.304 GC heap after
{Heap after GC invocations=6 (full 0):
 garbage-first heap   total reserved 3631104K, committed 63488K, used 23787K [0x0000000722600000, 0x0000000800000000)
  region size 2048K, 2 young (4096K), 2 survivors (4096K)
 Metaspace       used 29066K, committed 29504K, reserved 1114112K
  class space    used 3055K, committed 3264K, reserved 1048576K
}
Event: 5.355 GC heap before
{Heap before GC invocations=6 (full 0):
 garbage-first heap   total reserved 3631104K, committed 63488K, used 46315K [0x0000000722600000, 0x0000000800000000)
  region size 2048K, 13 young (26624K), 2 survivors (4096K)
 Metaspace       used 29116K, committed 29632K, reserved 1114112K
  class space    used 3055K, committed 3264K, reserved 1048576K
}
Event: 5.360 GC heap after
{Heap after GC invocations=7 (full 0):
 garbage-first heap   total reserved 3631104K, committed 63488K, used 29022K [0x0000000722600000, 0x0000000800000000)
  region size 2048K, 2 young (4096K), 2 survivors (4096K)
 Metaspace       used 29116K, committed 29632K, reserved 1114112K
  class space    used 3055K, committed 3264K, reserved 1048576K
}
Event: 5.771 GC heap before
{Heap before GC invocations=7 (full 0):
 garbage-first heap   total reserved 3631104K, committed 63488K, used 47454K [0x0000000722600000, 0x0000000800000000)
  region size 2048K, 11 young (22528K), 2 survivors (4096K)
 Metaspace       used 30718K, committed 31232K, reserved 1114112K
  class space    used 3236K, committed 3456K, reserved 1048576K
}
Event: 5.774 GC heap after
{Heap after GC invocations=8 (full 0):
 garbage-first heap   total reserved 3631104K, committed 63488K, used 29182K [0x0000000722600000, 0x0000000800000000)
  region size 2048K, 1 young (2048K), 1 survivors (2048K)
 Metaspace       used 30718K, committed 31232K, reserved 1114112K
  class space    used 3236K, committed 3456K, reserved 1048576K
}
Event: 181.339 GC heap before
{Heap before GC invocations=9 (full 0):
 garbage-first heap   total reserved 3631104K, committed 63488K, used 49662K [0x0000000722600000, 0x0000000800000000)
  region size 2048K, 11 young (22528K), 1 survivors (2048K)
 Metaspace       used 34786K, committed 35328K, reserved 1114112K
  class space    used 3675K, committed 3904K, reserved 1048576K
}
Event: 181.342 GC heap after
{Heap after GC invocations=10 (full 0):
 garbage-first heap   total reserved 3631104K, committed 63488K, used 31577K [0x0000000722600000, 0x0000000800000000)
  region size 2048K, 2 young (4096K), 2 survivors (4096K)
 Metaspace       used 34786K, committed 35328K, reserved 1114112K
  class space    used 3675K, committed 3904K, reserved 1048576K
}
Event: 537.190 GC heap before
{Heap before GC invocations=10 (full 0):
 garbage-first heap   total reserved 3631104K, committed 63488K, used 50009K [0x0000000722600000, 0x0000000800000000)
  region size 2048K, 11 young (22528K), 2 survivors (4096K)
 Metaspace       used 36289K, committed 36864K, reserved 1114112K
  class space    used 3795K, committed 4032K, reserved 1048576K
}
Event: 537.195 GC heap after
{Heap after GC invocations=11 (full 0):
 garbage-first heap   total reserved 3631104K, committed 63488K, used 27475K [0x0000000722600000, 0x0000000800000000)
  region size 2048K, 1 young (2048K), 1 survivors (2048K)
 Metaspace       used 36289K, committed 36864K, reserved 1114112K
  class space    used 3795K, committed 4032K, reserved 1048576K
}
Event: 1173.136 GC heap before
{Heap before GC invocations=11 (full 0):
 garbage-first heap   total reserved 3631104K, committed 63488K, used 50003K [0x0000000722600000, 0x0000000800000000)
  region size 2048K, 13 young (26624K), 1 survivors (2048K)
 Metaspace       used 36621K, committed 37184K, reserved 1114112K
  class space    used 3795K, committed 4032K, reserved 1048576K
}
Event: 1173.144 GC heap after
{Heap after GC invocations=12 (full 0):
 garbage-first heap   total reserved 3631104K, committed 63488K, used 26275K [0x0000000722600000, 0x0000000800000000)
  region size 2048K, 1 young (2048K), 1 survivors (2048K)
 Metaspace       used 36621K, committed 37184K, reserved 1114112K
  class space    used 3795K, committed 4032K, reserved 1048576K
}
Event: 2151.069 GC heap before
{Heap before GC invocations=12 (full 0):
 garbage-first heap   total reserved 3631104K, committed 63488K, used 52899K [0x0000000722600000, 0x0000000800000000)
  region size 2048K, 14 young (28672K), 1 survivors (2048K)
 Metaspace       used 36726K, committed 37248K, reserved 1114112K
  class space    used 3795K, committed 4032K, reserved 1048576K
}
Event: 2151.085 GC heap after
{Heap after GC invocations=13 (full 0):
 garbage-first heap   total reserved 3631104K, committed 63488K, used 26173K [0x0000000722600000, 0x0000000800000000)
  region size 2048K, 1 young (2048K), 1 survivors (2048K)
 Metaspace       used 36726K, committed 37248K, reserved 1114112K
  class space    used 3795K, committed 4032K, reserved 1048576K
}

Dll operation events (10 events):
Event: 0.016 Loaded shared library C:\Program Files\Java\jdk-24\bin\java.dll
Event: 0.060 Loaded shared library C:\Program Files\Java\jdk-24\bin\jsvml.dll
Event: 0.129 Loaded shared library C:\Program Files\Java\jdk-24\bin\net.dll
Event: 0.133 Loaded shared library C:\Program Files\Java\jdk-24\bin\nio.dll
Event: 0.138 Loaded shared library C:\Program Files\Java\jdk-24\bin\zip.dll
Event: 0.333 Loaded shared library C:\Program Files\Java\jdk-24\bin\jimage.dll
Event: 0.876 Loaded shared library C:\Program Files\Java\jdk-24\bin\management.dll
Event: 0.883 Loaded shared library C:\Program Files\Java\jdk-24\bin\management_ext.dll
Event: 2.555 Loaded shared library C:\Program Files\Java\jdk-24\bin\sunmscapi.dll
Event: 5.720 Loaded shared library C:\Program Files\Java\jdk-24\bin\extnet.dll

Deoptimization events (20 events):
Event: 2468.797 Thread 0x000001af24a3d4c0 Uncommon trap: trap_request=0xffffffbe fr.pc=0x000001aecd9f13c8 relative=0x0000000000000648
Event: 2468.797 Thread 0x000001af24a3d4c0 Uncommon trap: reason=profile_predicate action=maybe_recompile pc=0x000001aecd9f13c8 method=org.apache.tomcat.util.buf.AbstractChunk.indexOf(Ljava/lang/String;III)I @ 29 c2
Event: 2468.797 Thread 0x000001af24a3d4c0 DEOPT PACKING pc=0x000001aecd9f13c8 sp=0x0000007dfcdfb880
Event: 2468.797 Thread 0x000001af24a3d4c0 DEOPT UNPACKING pc=0x000001aecd295d02 sp=0x0000007dfcdfb830 mode 2
Event: 2564.784 Thread 0x000001af24a3dc10 DEOPT PACKING pc=0x000001aec6749d4c sp=0x0000007dfcafb3f0
Event: 2564.784 Thread 0x000001af24a3dc10 DEOPT UNPACKING pc=0x000001aecd1d5722 sp=0x0000007dfcafa948 mode 0
Event: 2613.511 Thread 0x000001af22726e90 DEOPT PACKING pc=0x000001aec6749d4c sp=0x0000007dfc6fb990
Event: 2613.511 Thread 0x000001af22726e90 DEOPT UNPACKING pc=0x000001aecd1d5722 sp=0x0000007dfc6faee8 mode 0
Event: 2769.273 Thread 0x000001af22726e90 DEOPT PACKING pc=0x000001aec65d7cfb sp=0x0000007dfc6fc9b0
Event: 2769.274 Thread 0x000001af22726e90 DEOPT UNPACKING pc=0x000001aecd1d5722 sp=0x0000007dfc6fbe48 mode 0
Event: 2769.281 Thread 0x000001af22726e90 DEOPT PACKING pc=0x000001aec6749d4c sp=0x0000007dfc6fb8b0
Event: 2769.281 Thread 0x000001af22726e90 DEOPT UNPACKING pc=0x000001aecd1d5722 sp=0x0000007dfc6fae08 mode 0
Event: 2769.281 Thread 0x000001af22726e90 Uncommon trap: trap_request=0xffffff6e fr.pc=0x000001aecda07c90 relative=0x00000000000001d0
Event: 2769.281 Thread 0x000001af22726e90 Uncommon trap: reason=loop_limit_check action=maybe_recompile pc=0x000001aecda07c90 method=org.attoparser.ParsingMarkupUtil.findNextNonWhitespaceCharWildcard([CII[I)I @ 13 c2
Event: 2769.281 Thread 0x000001af22726e90 DEOPT PACKING pc=0x000001aecda07c90 sp=0x0000007dfc6fbd30
Event: 2769.281 Thread 0x000001af22726e90 DEOPT UNPACKING pc=0x000001aecd295d02 sp=0x0000007dfc6fbcb0 mode 2
Event: 2770.353 Thread 0x000001af24a3cd70 Uncommon trap: trap_request=0xffffff9d fr.pc=0x000001aecd98577c relative=0x0000000000001cbc
Event: 2770.354 Thread 0x000001af24a3cd70 Uncommon trap: reason=unreached action=reinterpret pc=0x000001aecd98577c method=sun.nio.ch.IOUtil.writeFromNativeBuffer(Ljava/io/FileDescriptor;Ljava/nio/ByteBuffer;JZZILsun/nio/ch/NativeDispatcher;)I @ 142 c2
Event: 2770.354 Thread 0x000001af24a3cd70 DEOPT PACKING pc=0x000001aecd98577c sp=0x0000007dfcffd040
Event: 2771.367 Thread 0x000001af24a3cd70 DEOPT UNPACKING pc=0x000001aecd295d02 sp=0x0000007dfcffcd58 mode 2

Classes loaded (20 events):
Event: 181.404 Loading class java/util/stream/ReferencePipeline$4$1
Event: 181.404 Loading class java/util/stream/ReferencePipeline$4$1 done
Event: 181.404 Loading class java/util/OptionalInt
Event: 181.404 Loading class java/util/OptionalInt done
Event: 181.433 Loading class java/lang/Throwable$WrappedPrintWriter
Event: 181.433 Loading class java/lang/Throwable$PrintStreamOrWriter
Event: 181.433 Loading class java/lang/Throwable$PrintStreamOrWriter done
Event: 181.433 Loading class java/lang/Throwable$WrappedPrintWriter done
Event: 181.443 Loading class java/util/OptionalLong
Event: 181.443 Loading class java/util/OptionalLong done
Event: 181.443 Loading class java/util/OptionalDouble
Event: 181.444 Loading class java/util/OptionalDouble done
Event: 181.478 Loading class java/util/stream/LongStream
Event: 181.478 Loading class java/util/stream/LongStream done
Event: 181.478 Loading class java/util/stream/DoubleStream
Event: 181.479 Loading class java/util/stream/DoubleStream done
Event: 181.485 Loading class java/io/ObjectOutputStream
Event: 181.486 Loading class java/io/ObjectOutput
Event: 181.486 Loading class java/io/ObjectOutput done
Event: 181.486 Loading class java/io/ObjectOutputStream done

Classes unloaded (0 events):
No events

Classes redefined (0 events):
No events

Internal exceptions (20 events):
Event: 352.037 Thread 0x000001af24a3e360 Exception <a 'java/io/IOException'{0x000000072c603620}> (0x000000072c603620) 
thrown [s\open\src\hotspot\share\prims\jni.cpp, line 518]
Event: 352.037 Thread 0x000001af24a3e360 Exception <a 'java/io/IOException'{0x000000072c6041e0}> (0x000000072c6041e0) 
thrown [s\open\src\hotspot\share\prims\jni.cpp, line 518]
Event: 352.040 Thread 0x000001af24a3e360 Exception <a 'java/io/IOException'{0x000000072c626a68}> (0x000000072c626a68) 
thrown [s\open\src\hotspot\share\prims\jni.cpp, line 518]
Event: 352.041 Thread 0x000001af24a3e360 Exception <a 'java/io/IOException'{0x000000072c627600}> (0x000000072c627600) 
thrown [s\open\src\hotspot\share\prims\jni.cpp, line 518]
Event: 387.342 Thread 0x000001af22726e90 Exception <a 'java/io/IOException'{0x000000072c754ce0}> (0x000000072c754ce0) 
thrown [s\open\src\hotspot\share\prims\jni.cpp, line 518]
Event: 656.389 Thread 0x000001af24a3f200 Exception <a 'java/io/IOException'{0x00000007303507b0}> (0x00000007303507b0) 
thrown [s\open\src\hotspot\share\prims\jni.cpp, line 518]
Event: 752.248 Thread 0x000001af24a3dc10 Exception <a 'java/io/IOException'{0x000000072cd144e0}> (0x000000072cd144e0) 
thrown [s\open\src\hotspot\share\prims\jni.cpp, line 518]
Event: 819.502 Thread 0x000001af24a3f200 Exception <a 'java/io/IOException'{0x000000072c818fe8}> (0x000000072c818fe8) 
thrown [s\open\src\hotspot\share\prims\jni.cpp, line 518]
Event: 841.671 Thread 0x000001af24a3f200 Exception <a 'java/io/IOException'{0x000000072c6137f8}> (0x000000072c6137f8) 
thrown [s\open\src\hotspot\share\prims\jni.cpp, line 518]
Event: 908.439 Thread 0x000001af24a3dc10 Exception <a 'java/io/IOException'{0x0000000724f192e0}> (0x0000000724f192e0) 
thrown [s\open\src\hotspot\share\prims\jni.cpp, line 518]
Event: 978.771 Thread 0x000001af24a3dc10 Exception <a 'java/io/IOException'{0x000000072483bf28}> (0x000000072483bf28) 
thrown [s\open\src\hotspot\share\prims\jni.cpp, line 518]
Event: 1983.851 Thread 0x000001af24a3f200 Exception <a 'java/io/IOException'{0x0000000724b53878}> (0x0000000724b53878) 
thrown [s\open\src\hotspot\share\prims\jni.cpp, line 518]
Event: 2071.950 Thread 0x000001af24a3cd70 Exception <a 'java/io/IOException'{0x00000007246fc0a8}> (0x00000007246fc0a8) 
thrown [s\open\src\hotspot\share\prims\jni.cpp, line 518]
Event: 2185.215 Thread 0x000001af24a3f950 Exception <a 'java/io/IOException'{0x00000007fff5d018}> (0x00000007fff5d018) 
thrown [s\open\src\hotspot\share\prims\jni.cpp, line 518]
Event: 2269.218 Thread 0x000001af24a42530 Exception <a 'java/io/IOException'{0x000000072d4ce960}> (0x000000072d4ce960) 
thrown [s\open\src\hotspot\share\prims\jni.cpp, line 518]
Event: 2468.793 Thread 0x000001af24a3d4c0 Exception <a 'java/io/IOException'{0x000000072c916a58}> (0x000000072c916a58) 
thrown [s\open\src\hotspot\share\prims\jni.cpp, line 518]
Event: 2564.789 Thread 0x000001af24a3dc10 Exception <a 'java/io/IOException'{0x0000000724ed1058}> (0x0000000724ed1058) 
thrown [s\open\src\hotspot\share\prims\jni.cpp, line 518]
Event: 2613.528 Thread 0x000001af22726e90 Exception <a 'java/io/IOException'{0x0000000724d62a80}> (0x0000000724d62a80) 
thrown [s\open\src\hotspot\share\prims\jni.cpp, line 518]
Event: 2769.270 Thread 0x000001af22726e90 Exception <a 'java/io/IOException'{0x00000007246867c0}> (0x00000007246867c0) 
thrown [s\open\src\hotspot\share\prims\jni.cpp, line 518]
Event: 2770.353 Thread 0x000001af24a3cd70 Exception <a 'java/io/IOException'{0x000000072473eed0}> (0x000000072473eed0) 
thrown [s\open\src\hotspot\share\prims\jni.cpp, line 518]

VM Operations (20 events):
Event: 2224.765 Executing VM operation: HandshakeAllThreads (HandshakeForDeflation)
Event: 2224.765 Executing VM operation: HandshakeAllThreads (HandshakeForDeflation) done
Event: 2224.765 Executing VM operation: RendezvousGCThreads
Event: 2224.765 Executing VM operation: RendezvousGCThreads done
Event: 2284.953 Executing VM operation: HandshakeAllThreads (HandshakeForDeflation)
Event: 2284.953 Executing VM operation: HandshakeAllThreads (HandshakeForDeflation) done
Event: 2284.953 Executing VM operation: RendezvousGCThreads
Event: 2284.953 Executing VM operation: RendezvousGCThreads done
Event: 2525.399 Executing VM operation: HandshakeAllThreads (HandshakeForDeflation)
Event: 2525.399 Executing VM operation: HandshakeAllThreads (HandshakeForDeflation) done
Event: 2525.399 Executing VM operation: RendezvousGCThreads
Event: 2525.399 Executing VM operation: RendezvousGCThreads done
Event: 2585.540 Executing VM operation: HandshakeAllThreads (HandshakeForDeflation)
Event: 2585.540 Executing VM operation: HandshakeAllThreads (HandshakeForDeflation) done
Event: 2585.540 Executing VM operation: RendezvousGCThreads
Event: 2585.540 Executing VM operation: RendezvousGCThreads done
Event: 2645.676 Executing VM operation: HandshakeAllThreads (HandshakeForDeflation)
Event: 2645.676 Executing VM operation: HandshakeAllThreads (HandshakeForDeflation) done
Event: 2645.676 Executing VM operation: RendezvousGCThreads
Event: 2645.676 Executing VM operation: RendezvousGCThreads done

Memory protections (0 events):
No events

Nmethod flushes (20 events):
Event: 5.790 Thread 0x000001aedbae8ac0 flushing  nmethod 0x000001aec5cf6508
Event: 5.790 Thread 0x000001aedbae8ac0 flushing  nmethod 0x000001aec5cf6808
Event: 5.790 Thread 0x000001aedbae8ac0 flushing  nmethod 0x000001aec5cf7188
Event: 5.790 Thread 0x000001aedbae8ac0 flushing  nmethod 0x000001aec5cf7488
Event: 5.790 Thread 0x000001aedbae8ac0 flushing  nmethod 0x000001aec5cfa188
Event: 5.790 Thread 0x000001aedbae8ac0 flushing  nmethod 0x000001aec5cfac88
Event: 5.790 Thread 0x000001aedbae8ac0 flushing  nmethod 0x000001aec5cfe208
Event: 5.790 Thread 0x000001aedbae8ac0 flushing  nmethod 0x000001aec5d91888
Event: 5.790 Thread 0x000001aedbae8ac0 flushing  nmethod 0x000001aec5d95788
Event: 5.790 Thread 0x000001aedbae8ac0 flushing  nmethod 0x000001aec5d96508
Event: 5.790 Thread 0x000001aedbae8ac0 flushing  nmethod 0x000001aec5d96888
Event: 5.790 Thread 0x000001aedbae8ac0 flushing  nmethod 0x000001aec5dd9988
Event: 5.790 Thread 0x000001aedbae8ac0 flushing  nmethod 0x000001aec5ffb908
Event: 5.790 Thread 0x000001aedbae8ac0 flushing  nmethod 0x000001aec5ffca08
Event: 5.790 Thread 0x000001aedbae8ac0 flushing  nmethod 0x000001aec5ffcd08
Event: 5.790 Thread 0x000001aedbae8ac0 flushing  nmethod 0x000001aec5ffd088
Event: 5.790 Thread 0x000001aedbae8ac0 flushing  nmethod 0x000001aec5ffe688
Event: 5.790 Thread 0x000001aedbae8ac0 flushing  nmethod 0x000001aec604bd88
Event: 5.790 Thread 0x000001aedbae8ac0 flushing  nmethod 0x000001aec6097e08
Event: 5.790 Thread 0x000001aedbae8ac0 flushing  nmethod 0x000001aec6104508

Events (20 events):
Event: 5.768 Thread 0x000001af22721e20 Thread added: 0x000001af24a3cd70
Event: 5.768 Thread 0x000001af22721e20 Thread added: 0x000001af24a42530
Event: 5.818 Thread 0x000001af22721e20 Thread added: 0x000001af24a433d0
Event: 5.820 Thread 0x000001af22721e20 Thread added: 0x000001af24a41690
Event: 5.860 Thread 0x000001af22721e20 Thread exited: 0x000001af22721e20
Event: 5.866 Thread 0x000001aedbb00970 Thread exited: 0x000001aedbb00970
Event: 5.867 Thread 0x000001aebafe4390 Thread exited: 0x000001aebafe4390
Event: 5.867 Thread 0x000001af24a43b20 Thread added: 0x000001af24a43b20
Event: 6.306 Thread 0x000001aedbb1b490 Thread exited: 0x000001aedbb1b490
Event: 6.310 Thread 0x000001aedbb1ad00 Thread exited: 0x000001aedbb1ad00
Event: 181.023 Thread 0x000001aedbb19de0 Thread added: 0x000001aedbb1ad00
Event: 182.445 Thread 0x000001aedbb1ad00 Thread exited: 0x000001aedbb1ad00
Event: 752.251 Thread 0x000001aedbb19de0 Thread added: 0x000001aedbb19650
Event: 757.500 Thread 0x000001aedbb19650 Thread exited: 0x000001aedbb19650
Event: 2071.997 Thread 0x000001aedbb19de0 Thread added: 0x000001af24a4f350
Event: 2077.075 Thread 0x000001af24a4f350 Thread exited: 0x000001af24a4f350
Event: 2269.265 Thread 0x000001aedbb19de0 Thread added: 0x000001af24a50270
Event: 2270.334 Thread 0x000001af24a50270 Thread exited: 0x000001af24a50270
Event: 2769.322 Thread 0x000001aedbb19de0 Thread added: 0x000001af24a4f350
Event: 2770.356 Thread 0x000001af24a4f350 Thread exited: 0x000001af24a4f350


Dynamic libraries:
0x00007ff68d790000 - 0x00007ff68d7a0000 	C:\Program Files\Java\jdk-24\bin\java.exe
0x00007ffe850e0000 - 0x00007ffe85345000 	C:\WINDOWS\SYSTEM32\ntdll.dll
0x00007ffe841c0000 - 0x00007ffe84289000 	C:\WINDOWS\System32\KERNEL32.DLL
0x00007ffe82670000 - 0x00007ffe82a58000 	C:\WINDOWS\System32\KERNELBASE.dll
0x00007ffe822e0000 - 0x00007ffe8242b000 	C:\WINDOWS\System32\ucrtbase.dll
0x00007ffe7d150000 - 0x00007ffe7d16b000 	C:\Program Files\Java\jdk-24\bin\VCRUNTIME140.dll
0x00007ffe7d0f0000 - 0x00007ffe7d106000 	C:\Program Files\Java\jdk-24\bin\jli.dll
0x00007ffe83e10000 - 0x00007ffe83fda000 	C:\WINDOWS\System32\USER32.dll
0x00007ffe82dc0000 - 0x00007ffe82de7000 	C:\WINDOWS\System32\win32u.dll
0x00007ffe847e0000 - 0x00007ffe8480b000 	C:\WINDOWS\System32\GDI32.dll
0x00007ffe82a60000 - 0x00007ffe82b97000 	C:\WINDOWS\System32\gdi32full.dll
0x00007ffe82230000 - 0x00007ffe822d3000 	C:\WINDOWS\System32\msvcp_win.dll
0x00007ffe5f4e0000 - 0x00007ffe5f77a000 	C:\WINDOWS\WinSxS\amd64_microsoft.windows.common-controls_6595b64144ccf1df_6.0.26100.4202_none_3e0698d4e335f517\COMCTL32.dll
0x00007ffe83390000 - 0x00007ffe83439000 	C:\WINDOWS\System32\msvcrt.dll
0x00007ffe83440000 - 0x00007ffe83470000 	C:\WINDOWS\System32\IMM32.DLL
0x00007ffe7d1f0000 - 0x00007ffe7d1fc000 	C:\Program Files\Java\jdk-24\bin\vcruntime140_1.dll
0x00007ffe506a0000 - 0x00007ffe5072e000 	C:\Program Files\Java\jdk-24\bin\msvcp140.dll
0x00007ffe222f0000 - 0x00007ffe23092000 	C:\Program Files\Java\jdk-24\bin\server\jvm.dll
0x00007ffe84b50000 - 0x00007ffe84c03000 	C:\WINDOWS\System32\ADVAPI32.dll
0x00007ffe83d50000 - 0x00007ffe83df6000 	C:\WINDOWS\System32\sechost.dll
0x00007ffe84630000 - 0x00007ffe84745000 	C:\WINDOWS\System32\RPCRT4.dll
0x00007ffe849c0000 - 0x00007ffe84a34000 	C:\WINDOWS\System32\WS2_32.dll
0x00007ffe7b3a0000 - 0x00007ffe7b3ab000 	C:\WINDOWS\SYSTEM32\VERSION.dll
0x00007ffe82080000 - 0x00007ffe820de000 	C:\WINDOWS\SYSTEM32\POWRPROF.dll
0x00007ffe7b360000 - 0x00007ffe7b395000 	C:\WINDOWS\SYSTEM32\WINMM.dll
0x00007ffe82060000 - 0x00007ffe82074000 	C:\WINDOWS\SYSTEM32\UMPDC.dll
0x00007ffe80ff0000 - 0x00007ffe8100b000 	C:\WINDOWS\SYSTEM32\kernel.appcore.dll
0x00007ffe7d0e0000 - 0x00007ffe7d0ea000 	C:\Program Files\Java\jdk-24\bin\jimage.dll
0x00007ffe75b10000 - 0x00007ffe75d51000 	C:\WINDOWS\SYSTEM32\DBGHELP.DLL
0x00007ffe84d10000 - 0x00007ffe85095000 	C:\WINDOWS\System32\combase.dll
0x00007ffe83c50000 - 0x00007ffe83d31000 	C:\WINDOWS\System32\OLEAUT32.dll
0x00007ffe654b0000 - 0x00007ffe654e9000 	C:\WINDOWS\SYSTEM32\dbgcore.DLL
0x00007ffe82d20000 - 0x00007ffe82db9000 	C:\WINDOWS\System32\bcryptPrimitives.dll
0x00007ffe72560000 - 0x00007ffe7257e000 	C:\Program Files\Java\jdk-24\bin\java.dll
0x00007ffe84460000 - 0x00007ffe845fe000 	C:\WINDOWS\System32\ole32.dll
0x00007ffe83500000 - 0x00007ffe83c42000 	C:\WINDOWS\System32\SHELL32.dll
0x00007ffe82ba0000 - 0x00007ffe82d14000 	C:\WINDOWS\System32\wintypes.dll
0x00007ffe7fed0000 - 0x00007ffe80728000 	C:\WINDOWS\SYSTEM32\windows.storage.dll
0x00007ffe84c10000 - 0x00007ffe84d01000 	C:\WINDOWS\System32\SHCORE.dll
0x00007ffe83480000 - 0x00007ffe834ea000 	C:\WINDOWS\System32\shlwapi.dll
0x00007ffe82140000 - 0x00007ffe8216f000 	C:\WINDOWS\SYSTEM32\profapi.dll
0x00007ffe5b4a0000 - 0x00007ffe5b577000 	C:\Program Files\Java\jdk-24\bin\jsvml.dll
0x00007ffe70080000 - 0x00007ffe70090000 	C:\Program Files\Java\jdk-24\bin\net.dll
0x00007ffe81560000 - 0x00007ffe815ca000 	C:\WINDOWS\system32\mswsock.dll
0x00007ffe5b480000 - 0x00007ffe5b496000 	C:\Program Files\Java\jdk-24\bin\nio.dll
0x00007ffe50730000 - 0x00007ffe50747000 	C:\Program Files\Java\jdk-24\bin\zip.dll
0x00007ffe7d0b0000 - 0x00007ffe7d0ba000 	C:\Program Files\Java\jdk-24\bin\management.dll
0x00007ffe7d070000 - 0x00007ffe7d07b000 	C:\Program Files\Java\jdk-24\bin\management_ext.dll
0x00007ffe83e00000 - 0x00007ffe83e08000 	C:\WINDOWS\System32\PSAPI.DLL
0x00007ffe6f960000 - 0x00007ffe6f96e000 	C:\Program Files\Java\jdk-24\bin\sunmscapi.dll
0x00007ffe824f0000 - 0x00007ffe82667000 	C:\WINDOWS\System32\CRYPT32.dll
0x00007ffe81a30000 - 0x00007ffe81a60000 	C:\WINDOWS\SYSTEM32\ncrypt.dll
0x00007ffe819e0000 - 0x00007ffe81a1f000 	C:\WINDOWS\SYSTEM32\NTASN1.dll
0x00007ffe81820000 - 0x00007ffe8183b000 	C:\WINDOWS\SYSTEM32\CRYPTSP.dll
0x00007ffe80f50000 - 0x00007ffe80f8a000 	C:\WINDOWS\system32\rsaenh.dll
0x00007ffe81600000 - 0x00007ffe8162b000 	C:\WINDOWS\SYSTEM32\USERENV.dll
0x00007ffe82110000 - 0x00007ffe82136000 	C:\WINDOWS\SYSTEM32\bcrypt.dll
0x00007ffe81810000 - 0x00007ffe8181c000 	C:\WINDOWS\SYSTEM32\CRYPTBASE.dll
0x00007ffe80a70000 - 0x00007ffe80aa3000 	C:\WINDOWS\SYSTEM32\IPHLPAPI.DLL
0x00007ffe847d0000 - 0x00007ffe847da000 	C:\WINDOWS\System32\NSI.dll
0x00007ffe69d80000 - 0x00007ffe69d89000 	C:\Program Files\Java\jdk-24\bin\extnet.dll
0x00007ffe70300000 - 0x00007ffe70308000 	C:\WINDOWS\system32\wshunix.dll

JVMTI agents: none

dbghelp: loaded successfully - version: 4.0.5 - missing functions: none
symbol engine: initialized successfully - sym options: 0x614 - pdb path: .;C:\Program Files\Java\jdk-24\bin;C:\WINDOWS\SYSTEM32;C:\WINDOWS\WinSxS\amd64_microsoft.windows.common-controls_6595b64144ccf1df_6.0.26100.4202_none_3e0698d4e335f517;C:\Program Files\Java\jdk-24\bin\server

VM Arguments:
jvm_args: -XX:+ShowCodeDetailsInExceptionMessages 
java_command: modaverse.web.WebApplication
java_class_path (initial): C:\Projects\proyectoWeb\proyecto\target\classes;C:\Users\waine\.m2\repository\org\springframework\boot\spring-boot-starter-thymeleaf\3.5.3\spring-boot-starter-thymeleaf-3.5.3.jar;C:\Users\waine\.m2\repository\org\springframework\boot\spring-boot-starter\3.5.3\spring-boot-starter-3.5.3.jar;C:\Users\waine\.m2\repository\org\springframework\boot\spring-boot-starter-logging\3.5.3\spring-boot-starter-logging-3.5.3.jar;C:\Users\waine\.m2\repository\ch\qos\logback\logback-classic\1.5.18\logback-classic-1.5.18.jar;C:\Users\waine\.m2\repository\ch\qos\logback\logback-core\1.5.18\logback-core-1.5.18.jar;C:\Users\waine\.m2\repository\org\apache\logging\log4j\log4j-to-slf4j\2.24.3\log4j-to-slf4j-2.24.3.jar;C:\Users\waine\.m2\repository\org\apache\logging\log4j\log4j-api\2.24.3\log4j-api-2.24.3.jar;C:\Users\waine\.m2\repository\org\slf4j\jul-to-slf4j\2.0.17\jul-to-slf4j-2.0.17.jar;C:\Users\waine\.m2\repository\jakarta\annotation\jakarta.annotation-api\2.1.1\jakarta.annotation-api-2.1.1.jar;C:\Users\waine\.m2\repository\org\yaml\snakeyaml\2.4\snakeyaml-2.4.jar;C:\Users\waine\.m2\repository\org\thymeleaf\thymeleaf-spring6\3.1.3.RELEASE\thymeleaf-spring6-3.1.3.RELEASE.jar;C:\Users\waine\.m2\repository\org\thymeleaf\thymeleaf\3.1.3.RELEASE\thymeleaf-3.1.3.RELEASE.jar;C:\Users\waine\.m2\repository\org\attoparser\attoparser\2.0.7.RELEASE\attoparser-2.0.7.RELEASE.jar;C:\Users\waine\.m2\repository\org\unbescape\unbescape\1.1.6.RELEASE\unbescape-1.1.6.RELEASE.jar;C:\Users\waine\.m2\repository\org\slf4j\slf4j-api\2.0.17\slf4j-api-2.0.17.jar;C:\Users\waine\.m2\repository\org\springframework\boot\spring-boot-starter-web\3.5.3\spring-boot-starter-web-3.5.3.jar;C:\Users\waine\.m2\repository\org\springframework\boot\spring-boot-starter-json\3.5.3\spring-boot-starter-json-3.5.3.jar;C:\Users\waine\.m2\repository\com\fasterxml\jackson\datatype\jackson-datatype-jdk8\2.19.1\jackson-datatype-jdk8-2.19.1.jar;C:\Users\waine\.m2\repository\com\fasterxml\jackson\datatype\jackson-datatype-jsr310\2.19.1\jackson-datatype-jsr310-2.19.1.jar;C:\Users\waine\.m2\repository\com\fasterxml\jackson\module\jackson-module-parameter-names\2.19.1\jackson-module-parameter-names-2.19.1.jar;C:\Users\waine\.m2\repository\org\springframework\boot\spring-boot-starter-tomcat\3.5.3\spring-boot-starter-tomcat-3.5.3.jar;C:\Users\waine\.m2\repository\org\apache\tomcat\embed\tomcat-embed-core\10.1.42\tomcat-embed-core-10.1.42.jar;C:\Users\waine\.m2\repository\org\apache\tomcat\embed\tomcat-embed-el\10.1.42\tomcat-embed-el-10.1.42.jar;C:\Users\waine\.m2\repository\org\apache\tomcat\embed\tomcat-embed-websocket\10.1.42\tomcat-embed-websocket-10.1.42.jar;C:\Users\waine\.m2\repository\org\springframework\spring-web\6.2.8\spring-web-6.2.8.jar;C:\Users\waine\.m2\repository\org\springframework\spring-beans\6.2.8\spring-beans-6.2.8.jar;C:\Users\waine\.m2\repository\io\micrometer\micrometer-observation\1.15.1\micrometer-observation-1.15.1.jar;C:\Users\waine\.m2\repository\io\micrometer\micrometer-commons\1.15.1\micrometer-commons-1.15.1.jar;C:\Users\waine\.m2\repository\org\springframework\spring-webmvc\6.2.8\spring-webmvc-6.2.8.jar;C:\Users\waine\.m2\repository\org\springframework\spring-aop\6.2.8\spring-aop-6.2.8.jar;C:\Users\waine\.m2\repository\org\springframework\spring-context\6.2.8\spring-context-6.2.8.jar;C:\Users\waine\.m2\repository\org\springframework\spring-expression\6.2.8\spring-expression-6.2.8.jar;C:\Users\waine\.m2\repository\org\springframework\boot\spring-boot-devtools\3.5.3\spring-boot-devtools-3.5.3.jar;C:\Users\waine\.m2\repository\org\springframework\boot\spring-boot\3.5.3\spring-boot-3.5.3.jar;C:\Users\waine\.m2\repository\org\springframework\boot\spring-boot-autoconfigure\3.5.3\spring-boot-autoconfigure-3.5.3.jar;C:\Users\waine\.m2\repository\org\projectlombok\lombok\1.18.30\lombok-1.18.30.jar;C:\Users\waine\.m2\repository\org\springframework\spring-core\6.2.8\spring-core-6.2.8.jar;C:\Users\waine\.m2\repository\org\springframework\spring-jcl\6.2.8\spring-jcl-6.2.8.jar;C:\Users\waine\.m2\repository\org\webjars\bootstrap\5.2.3\bootstrap-5.2.3.jar;C:\Users\waine\.m2\repository\org\webjars\font-awesome\6.4.0\font-awesome-6.4.0.jar;C:\Users\waine\.m2\repository\org\webjars\jquery\3.6.4\jquery-3.6.4.jar;C:\Users\waine\.m2\repository\org\webjars\popper.js\2.9.3\popper.js-2.9.3.jar;C:\Users\waine\.m2\repository\org\webjars\webjars-locator\0.46\webjars-locator-0.46.jar;C:\Users\waine\.m2\repository\org\webjars\webjars-locator-core\0.59\webjars-locator-core-0.59.jar;C:\Users\waine\.m2\repository\io\github\classgraph\classgraph\4.8.173\classgraph-4.8.173.jar;C:\Users\waine\.m2\repository\com\fasterxml\jackson\core\jackson-core\2.19.1\jackson-core-2.19.1.jar;C:\Users\waine\.m2\repository\com\fasterxml\jackson\core\jackson-databind\2.19.1\jackson-databind-2.19.1.jar;C:\Users\waine\.m2\repository\com\fasterxml\jackson\core\jackson-annotations\2.19.1\jackson-annotations-2.19.1.jar;C:\Users\waine\.m2\repository\org\apache\commons\commons-text\1.10.0\commons-text-1.10.0.jar;C:\Users\waine\.m2\repository\org\apache\commons\commons-lang3\3.17.0\commons-lang3-3.17.0.jar;C:\Users\waine\.m2\repository\com\github\spullara\mustache\java\compiler\0.9.10\compiler-0.9.10.jar
Launcher Type: SUN_STANDARD

[Global flags]
     intx CICompilerCount                          = 4                                         {product} {ergonomic}
     uint ConcGCThreads                            = 3                                         {product} {ergonomic}
     uint G1ConcRefinementThreads                  = 10                                        {product} {ergonomic}
   size_t G1HeapRegionSize                         = 2097152                                   {product} {ergonomic}
   size_t InitialHeapSize                          = 232783872                                 {product} {ergonomic}
   size_t MarkStackSize                            = 4194304                                   {product} {ergonomic}
   size_t MarkStackSizeMax                         = 536870912                                 {product} {ergonomic}
   size_t MaxHeapSize                              = 3718250496                                {product} {ergonomic}
   size_t MaxNewSize                               = 2229272576                                {product} {ergonomic}
   size_t MinHeapDeltaBytes                        = 2097152                                   {product} {ergonomic}
   size_t MinHeapSize                              = 8388608                                   {product} {ergonomic}
    uintx NonNMethodCodeHeapSize                   = 5832704                                {pd product} {ergonomic}
    uintx NonProfiledCodeHeapSize                  = 122945536                              {pd product} {ergonomic}
    uintx ProfiledCodeHeapSize                     = 122880000                              {pd product} {ergonomic}
    uintx ReservedCodeCacheSize                    = 251658240                              {pd product} {ergonomic}
     bool SegmentedCodeCache                       = true                                      {product} {ergonomic}
     bool ShowCodeDetailsInExceptionMessages       = true                                   {manageable} {command line}
   size_t SoftMaxHeapSize                          = 3718250496                             {manageable} {ergonomic}
     bool UseCompressedOops                        = true                           {product lp64_product} {ergonomic}
     bool UseG1GC                                  = true                                      {product} {ergonomic}
     bool UseLargePagesIndividualAllocation        = false                                  {pd product} {ergonomic}

Logging:
Log output configuration:
 #0: stdout all=warning uptime,level,tags foldmultilines=false
 #1: stderr all=off uptime,level,tags foldmultilines=false

Environment Variables:
PATH=C:\Program Files\Common Files\Oracle\Java\javapath;C:\WINDOWS\system32;C:\WINDOWS;C:\WINDOWS\System32\Wbem;C:\WINDOWS\System32\WindowsPowerShell\v1.0\;C:\WINDOWS\System32\OpenSSH\;C:\Program Files\Git\cmd;C:\Users\waine\AppData\Local\Microsoft\WindowsApps;C:\Users\waine\AppData\Local\GitHubDesktop\bin;C:\Users\waine\AppData\Local\Programs\Microsoft VS Code\bin
USERNAME=wainer
LANG=en_US.UTF-8
OS=Windows_NT
PROCESSOR_IDENTIFIER=AMD64 Family 23 Model 104 Stepping 1, AuthenticAMD
TMP=C:\Users\waine\AppData\Local\Temp
TEMP=C:\Users\waine\AppData\Local\Temp




Periodic native trim disabled

---------------  S Y S T E M  ---------------

OS:
 Windows 11 , 64 bit Build 26100 (10.0.26100.4202)
OS uptime: 10 days 11:49 hours

CPU: total 12 (initial active 12) (12 cores per cpu, 2 threads per core) family 23 model 104 stepping 1 microcode 0x8608109, cx8, cmov, fxsr, ht, mmx, 3dnowpref, sse, sse2, sse3, ssse3, sse4a, sse4.1, sse4.2, popcnt, lzcnt, tsc, tscinvbit, avx, avx2, aes, clmul, bmi1, bmi2, adx, sha, fma, vzeroupper, clflush, clflushopt, rdtscp, rdpid, f16c
Processor Information for processor 0
  Max Mhz: 2100, Current Mhz: 1700, Mhz Limit: 2100
Processor Information for processor 1
  Max Mhz: 2100, Current Mhz: 1700, Mhz Limit: 2100
Processor Information for processor 2
  Max Mhz: 2100, Current Mhz: 1700, Mhz Limit: 2100
Processor Information for processor 3
  Max Mhz: 2100, Current Mhz: 1700, Mhz Limit: 2100
Processor Information for processor 4
  Max Mhz: 2100, Current Mhz: 1700, Mhz Limit: 2100
Processor Information for processor 5
  Max Mhz: 2100, Current Mhz: 1700, Mhz Limit: 2100
Processor Information for processor 6
  Max Mhz: 2100, Current Mhz: 1700, Mhz Limit: 2100
Processor Information for processor 7
  Max Mhz: 2100, Current Mhz: 1700, Mhz Limit: 2100
Processor Information for processor 8
  Max Mhz: 2100, Current Mhz: 2100, Mhz Limit: 2100
Processor Information for processor 9
  Max Mhz: 2100, Current Mhz: 1700, Mhz Limit: 2100
Processor Information for processor 10
  Max Mhz: 2100, Current Mhz: 1700, Mhz Limit: 2100
Processor Information for processor 11
  Max Mhz: 2100, Current Mhz: 1700, Mhz Limit: 2100

Memory: 4k page, system-wide physical 14181M (2108M free)
TotalPageFile size 57189M (AvailPageFile size 1M)
current process WorkingSet (physical memory assigned to process): 70M, peak: 199M
current process commit charge ("private bytes"): 228M, peak: 390M

vm_info: Java HotSpot(TM) 64-Bit Server VM (24.0.1+9-30) for windows-amd64 JRE (24.0.1+9-30), built on 2025-03-05T07:23:45Z with MS VC++ 17.6 (VS2022)

END.
